<?xml version="1.0" encoding="UTF-8"?>
<testng-results ignored="0" total="1" passed="1" failed="0" skipped="0">
  <reporter-output>
  </reporter-output>
  <suite started-at="2025-04-12T16:17:06 IST" name="Automation Test Suite" finished-at="2025-04-12T16:18:26 IST" duration-ms="80069">
    <groups>
    </groups>
    <test started-at="2025-04-12T16:17:06 IST" name="SeleniumTestAssignment" finished-at="2025-04-12T16:18:26 IST" duration-ms="80069">
      <class name="testScripts.amazonTest">
        <test-method is-config="true" signature="setUpTest1()[pri:0, instance:testScripts.amazonTest@56b78e55]" started-at="2025-04-12T16:17:06 IST" name="setUpTest1" finished-at="2025-04-12T16:17:10 IST" duration-ms="4426" status="PASS">
          <reporter-output>
          </reporter-output>
        </test-method> <!-- setUpTest1 -->
        <test-method signature="verifyElectronicsSearch()[pri:0, instance:testScripts.amazonTest@56b78e55]" started-at="2025-04-12T16:17:10 IST" name="verifyElectronicsSearch" finished-at="2025-04-12T16:18:25 IST" duration-ms="75306" status="PASS">
          <reporter-output>
          </reporter-output>
        </test-method> <!-- verifyElectronicsSearch -->
        <test-method is-config="true" signature="tearDownTest()[pri:0, instance:testScripts.amazonTest@56b78e55]" started-at="2025-04-12T16:18:25 IST" name="tearDownTest" finished-at="2025-04-12T16:18:26 IST" duration-ms="308" status="PASS">
          <reporter-output>
          </reporter-output>
        </test-method> <!-- tearDownTest -->
      </class> <!-- testScripts.amazonTest -->
    </test> <!-- SeleniumTestAssignment -->
  </suite> <!-- Automation Test Suite -->
</testng-results>
